<?xml version="1.0" encoding="UTF-8"?>
<testng-results ignored="0" total="5" passed="4" failed="1" skipped="0">
  <reporter-output>
  </reporter-output>
  <suite started-at="2024-08-17T17:58:03 IST" name="Suite" finished-at="2024-08-17T17:59:36 IST" duration-ms="92791">
    <groups>
    </groups>
    <test started-at="2024-08-17T17:58:03 IST" name="Test" finished-at="2024-08-17T17:59:36 IST" duration-ms="92791">
      <class name="com.OpenCart.TestLayer.InvalidLoginTestPage">
        <test-method is-config="true" signature="OpenApplication()[pri:0, instance:com.OpenCart.TestLayer.InvalidLoginTestPage@2e6a5539]" started-at="2024-08-17T17:58:36 IST" name="OpenApplication" finished-at="2024-08-17T17:58:40 IST" duration-ms="4015" status="PASS">
          <reporter-output>
          </reporter-output>
        </test-method> <!-- OpenApplication -->
        <test-method signature="VerifyInvalidLoginFunctionality()[pri:0, instance:com.OpenCart.TestLayer.InvalidLoginTestPage@2e6a5539]" started-at="2024-08-17T17:58:40 IST" name="VerifyInvalidLoginFunctionality" finished-at="2024-08-17T17:58:43 IST" duration-ms="2189" status="PASS">
          <reporter-output>
          </reporter-output>
        </test-method> <!-- VerifyInvalidLoginFunctionality -->
        <test-method is-config="true" signature="tearDown()[pri:0, instance:com.OpenCart.TestLayer.InvalidLoginTestPage@2e6a5539]" started-at="2024-08-17T17:58:43 IST" name="tearDown" finished-at="2024-08-17T17:58:48 IST" duration-ms="5377" status="PASS">
          <reporter-output>
          </reporter-output>
        </test-method> <!-- tearDown -->
      </class> <!-- com.OpenCart.TestLayer.InvalidLoginTestPage -->
      <class name="com.OpenCart.TestLayer.LoginTestPage">
        <test-method is-config="true" signature="OpenApplication()[pri:0, instance:com.OpenCart.TestLayer.LoginTestPage@3fc9504b]" started-at="2024-08-17T17:58:48 IST" name="OpenApplication" finished-at="2024-08-17T17:58:52 IST" duration-ms="3666" status="PASS">
          <reporter-output>
          </reporter-output>
        </test-method> <!-- OpenApplication -->
        <test-method signature="VerifyLoginFunctionality()[pri:0, instance:com.OpenCart.TestLayer.LoginTestPage@3fc9504b]" started-at="2024-08-17T17:58:52 IST" name="VerifyLoginFunctionality" finished-at="2024-08-17T17:58:54 IST" duration-ms="2325" status="PASS">
          <reporter-output>
          </reporter-output>
        </test-method> <!-- VerifyLoginFunctionality -->
        <test-method is-config="true" signature="tearDown()[pri:0, instance:com.OpenCart.TestLayer.LoginTestPage@3fc9504b]" started-at="2024-08-17T17:58:54 IST" name="tearDown" finished-at="2024-08-17T17:59:00 IST" duration-ms="5265" status="PASS">
          <reporter-output>
          </reporter-output>
        </test-method> <!-- tearDown -->
      </class> <!-- com.OpenCart.TestLayer.LoginTestPage -->
      <class name="com.OpenCart.TestLayer.BuyProductTestPage">
        <test-method is-config="true" signature="OpenApplication()[pri:0, instance:com.OpenCart.TestLayer.BuyProductTestPage@34c01041]" started-at="2024-08-17T17:58:03 IST" name="OpenApplication" finished-at="2024-08-17T17:58:08 IST" duration-ms="5540" status="PASS">
          <reporter-output>
          </reporter-output>
        </test-method> <!-- OpenApplication -->
        <test-method signature="VerifyBuyProductFunctionality()[pri:0, instance:com.OpenCart.TestLayer.BuyProductTestPage@34c01041]" started-at="2024-08-17T17:58:08 IST" name="VerifyBuyProductFunctionality" finished-at="2024-08-17T17:58:31 IST" duration-ms="22394" status="PASS">
          <reporter-output>
          </reporter-output>
        </test-method> <!-- VerifyBuyProductFunctionality -->
        <test-method is-config="true" signature="tearDown()[pri:0, instance:com.OpenCart.TestLayer.BuyProductTestPage@34c01041]" started-at="2024-08-17T17:58:31 IST" name="tearDown" finished-at="2024-08-17T17:58:36 IST" duration-ms="5307" status="PASS">
          <reporter-output>
          </reporter-output>
        </test-method> <!-- tearDown -->
      </class> <!-- com.OpenCart.TestLayer.BuyProductTestPage -->
      <class name="com.OpenCart.TestLayer.RegisterTestPage">
        <test-method is-config="true" signature="OpenApplication()[pri:0, instance:com.OpenCart.TestLayer.RegisterTestPage@7e4204e2]" started-at="2024-08-17T17:59:13 IST" name="OpenApplication" finished-at="2024-08-17T17:59:16 IST" duration-ms="3525" status="PASS">
          <reporter-output>
          </reporter-output>
        </test-method> <!-- OpenApplication -->
        <test-method signature="VerifyRegistorFunctionality()[pri:0, instance:com.OpenCart.TestLayer.RegisterTestPage@7e4204e2]" started-at="2024-08-17T17:59:16 IST" name="VerifyRegistorFunctionality" finished-at="2024-08-17T17:59:30 IST" duration-ms="13828" status="FAIL">
          <exception class="org.openqa.selenium.NoSuchElementException">
            <message>
              <![CDATA[no such element: Unable to locate element: {"method":"xpath","selector":"//h1[contains(text(),'Your Account Has Been Created!')]"}
  (Session info: chrome=127.0.6533.120)
For documentation on this error, please visit: https://www.selenium.dev/documentation/webdriver/troubleshooting/errors#no-such-element-exception
Build info: version: '4.23.0', revision: '4df0a231af'
System info: os.name: 'Windows 11', os.arch: 'amd64', os.version: '10.0', java.version: '22.0.1'
Driver info: org.openqa.selenium.chrome.ChromeDriver
Command: [2bb7d834955ffad6bee82ed411b52e88, findElement {value=//h1[contains(text(),'Your Account Has Been Created!')], using=xpath}]
Capabilities {acceptInsecureCerts: true, browserName: chrome, browserVersion: 127.0.6533.120, chrome: {chromedriverVersion: 127.0.6533.119 (bdef6783a05..., userDataDir: C:\Users\anike\AppData\Loca...}, fedcm:accounts: true, goog:chromeOptions: {debuggerAddress: localhost:55095}, networkConnectionEnabled: false, pageLoadStrategy: normal, platformName: windows, proxy: Proxy(), se:cdp: ws://localhost:55095/devtoo..., se:cdpVersion: 127.0.6533.120, setWindowRect: true, strictFileInteractability: false, timeouts: {implicit: 0, pageLoad: 300000, script: 30000}, unhandledPromptBehavior: dismiss and notify, webauthn:extension:credBlob: true, webauthn:extension:largeBlob: true, webauthn:extension:minPinLength: true, webauthn:extension:prf: true, webauthn:virtualAuthenticators: true}
Session ID: 2bb7d834955ffad6bee82ed411b52e88]]>
            </message>
            <full-stacktrace>
              <![CDATA[org.openqa.selenium.NoSuchElementException: no such element: Unable to locate element: {"method":"xpath","selector":"//h1[contains(text(),'Your Account Has Been Created!')]"}
  (Session info: chrome=127.0.6533.120)
For documentation on this error, please visit: https://www.selenium.dev/documentation/webdriver/troubleshooting/errors#no-such-element-exception
Build info: version: '4.23.0', revision: '4df0a231af'
System info: os.name: 'Windows 11', os.arch: 'amd64', os.version: '10.0', java.version: '22.0.1'
Driver info: org.openqa.selenium.chrome.ChromeDriver
Command: [2bb7d834955ffad6bee82ed411b52e88, findElement {value=//h1[contains(text(),'Your Account Has Been Created!')], using=xpath}]
Capabilities {acceptInsecureCerts: true, browserName: chrome, browserVersion: 127.0.6533.120, chrome: {chromedriverVersion: 127.0.6533.119 (bdef6783a05..., userDataDir: C:\Users\anike\AppData\Loca...}, fedcm:accounts: true, goog:chromeOptions: {debuggerAddress: localhost:55095}, networkConnectionEnabled: false, pageLoadStrategy: normal, platformName: windows, proxy: Proxy(), se:cdp: ws://localhost:55095/devtoo..., se:cdpVersion: 127.0.6533.120, setWindowRect: true, strictFileInteractability: false, timeouts: {implicit: 0, pageLoad: 300000, script: 30000}, unhandledPromptBehavior: dismiss and notify, webauthn:extension:credBlob: true, webauthn:extension:largeBlob: true, webauthn:extension:minPinLength: true, webauthn:extension:prf: true, webauthn:virtualAuthenticators: true}
Session ID: 2bb7d834955ffad6bee82ed411b52e88
at java.base/jdk.internal.reflect.DirectConstructorHandleAccessor.newInstance(DirectConstructorHandleAccessor.java:62)
at java.base/java.lang.reflect.Constructor.newInstanceWithCaller(Constructor.java:502)
at java.base/java.lang.reflect.Constructor.newInstance(Constructor.java:486)
at org.openqa.selenium.remote.ErrorCodec.decode(ErrorCodec.java:167)
at org.openqa.selenium.remote.codec.w3c.W3CHttpResponseCodec.decode(W3CHttpResponseCodec.java:138)
at org.openqa.selenium.remote.codec.w3c.W3CHttpResponseCodec.decode(W3CHttpResponseCodec.java:50)
at org.openqa.selenium.remote.HttpCommandExecutor.execute(HttpCommandExecutor.java:190)
at org.openqa.selenium.remote.service.DriverCommandExecutor.invokeExecute(DriverCommandExecutor.java:216)
at org.openqa.selenium.remote.service.DriverCommandExecutor.execute(DriverCommandExecutor.java:174)
at org.openqa.selenium.remote.RemoteWebDriver.execute(RemoteWebDriver.java:527)
at org.openqa.selenium.remote.ElementLocation$ElementFinder$2.findElement(ElementLocation.java:165)
at org.openqa.selenium.remote.ElementLocation.findElement(ElementLocation.java:59)
at org.openqa.selenium.remote.RemoteWebDriver.findElement(RemoteWebDriver.java:357)
at org.openqa.selenium.remote.RemoteWebDriver.findElement(RemoteWebDriver.java:351)
at org.openqa.selenium.support.pagefactory.DefaultElementLocator.findElement(DefaultElementLocator.java:68)
at org.openqa.selenium.support.pagefactory.internal.LocatingElementHandler.invoke(LocatingElementHandler.java:38)
at jdk.proxy2/jdk.proxy2.$Proxy14.getText(Unknown Source)
at com.OpenCart.PageLayer.RegisterPage.GetSuccessTxt(RegisterPage.java:90)
at com.OpenCart.TestLayer.RegisterTestPage.VerifyRegistorFunctionality(RegisterTestPage.java:41)
at java.base/jdk.internal.reflect.DirectMethodHandleAccessor.invoke(DirectMethodHandleAccessor.java:103)
at java.base/java.lang.reflect.Method.invoke(Method.java:580)
at org.testng.internal.MethodInvocationHelper.invokeMethod(MethodInvocationHelper.java:133)
at org.testng.internal.TestInvoker.invokeMethod(TestInvoker.java:598)
at org.testng.internal.TestInvoker.invokeTestMethod(TestInvoker.java:173)
at org.testng.internal.MethodRunner.runInSequence(MethodRunner.java:46)
at org.testng.internal.TestInvoker$MethodInvocationAgent.invoke(TestInvoker.java:824)
at org.testng.internal.TestInvoker.invokeTestMethods(TestInvoker.java:146)
at org.testng.internal.TestMethodWorker.invokeTestMethods(TestMethodWorker.java:146)
at org.testng.internal.TestMethodWorker.run(TestMethodWorker.java:128)
at java.base/java.util.ArrayList.forEach(ArrayList.java:1597)
at org.testng.TestRunner.privateRun(TestRunner.java:794)
at org.testng.TestRunner.run(TestRunner.java:596)
at org.testng.SuiteRunner.runTest(SuiteRunner.java:377)
at org.testng.SuiteRunner.runSequentially(SuiteRunner.java:371)
at org.testng.SuiteRunner.privateRun(SuiteRunner.java:332)
at org.testng.SuiteRunner.run(SuiteRunner.java:276)
at org.testng.SuiteRunnerWorker.runSuite(SuiteRunnerWorker.java:53)
at org.testng.SuiteRunnerWorker.run(SuiteRunnerWorker.java:96)
at org.testng.TestNG.runSuitesSequentially(TestNG.java:1212)
at org.testng.TestNG.runSuitesLocally(TestNG.java:1134)
at org.testng.TestNG.runSuites(TestNG.java:1063)
at org.testng.TestNG.run(TestNG.java:1031)
at org.testng.remote.AbstractRemoteTestNG.run(AbstractRemoteTestNG.java:115)
at org.testng.remote.RemoteTestNG.initAndRun(RemoteTestNG.java:293)
at org.testng.remote.RemoteTestNG.main(RemoteTestNG.java:91)
]]>
            </full-stacktrace>
          </exception> <!-- org.openqa.selenium.NoSuchElementException -->
          <reporter-output>
          </reporter-output>
        </test-method> <!-- VerifyRegistorFunctionality -->
        <test-method is-config="true" signature="tearDown()[pri:0, instance:com.OpenCart.TestLayer.RegisterTestPage@7e4204e2]" started-at="2024-08-17T17:59:30 IST" name="tearDown" finished-at="2024-08-17T17:59:36 IST" duration-ms="5458" status="PASS">
          <reporter-output>
          </reporter-output>
        </test-method> <!-- tearDown -->
      </class> <!-- com.OpenCart.TestLayer.RegisterTestPage -->
      <class name="com.OpenCart.TestLayer.LogoutTestPage">
        <test-method is-config="true" signature="OpenApplication()[pri:0, instance:com.OpenCart.TestLayer.LogoutTestPage@27d4a09]" started-at="2024-08-17T17:59:00 IST" name="OpenApplication" finished-at="2024-08-17T17:59:04 IST" duration-ms="3924" status="PASS">
          <reporter-output>
          </reporter-output>
        </test-method> <!-- OpenApplication -->
        <test-method signature="VerifyLogoutFunctionality()[pri:0, instance:com.OpenCart.TestLayer.LogoutTestPage@27d4a09]" started-at="2024-08-17T17:59:04 IST" name="VerifyLogoutFunctionality" finished-at="2024-08-17T17:59:06 IST" duration-ms="2729" status="PASS">
          <reporter-output>
          </reporter-output>
        </test-method> <!-- VerifyLogoutFunctionality -->
        <test-method is-config="true" signature="tearDown()[pri:0, instance:com.OpenCart.TestLayer.LogoutTestPage@27d4a09]" started-at="2024-08-17T17:59:07 IST" name="tearDown" finished-at="2024-08-17T17:59:13 IST" duration-ms="5952" status="PASS">
          <reporter-output>
          </reporter-output>
        </test-method> <!-- tearDown -->
      </class> <!-- com.OpenCart.TestLayer.LogoutTestPage -->
    </test> <!-- Test -->
  </suite> <!-- Suite -->
</testng-results>
